2025-08-03T05:34:48.685188Z  INFO tailwindcss_oxide::scanner: Provided sources:
2025-08-03T05:34:48.685403Z  INFO tailwindcss_oxide::scanner: Source: PublicSourceEntry { base: "/Users/yaman/dev/ns-community", pattern: "**/*", negated: false }
2025-08-03T05:34:48.685708Z  INFO tailwindcss_oxide::scanner: Optimized sources:
2025-08-03T05:34:48.685714Z  INFO tailwindcss_oxide::scanner: Source: Auto { base: "/Users/yaman/dev/ns-community" }
2025-08-03T05:34:48.688107Z  INFO scan_sources: tailwindcss_oxide::scanner: enter
2025-08-03T05:34:48.688886Z  INFO scan_sources: tailwindcss_oxide::scanner: Discovering "/Users/yaman/dev/ns-community/.cursor"
2025-08-03T05:34:48.688934Z  INFO scan_sources: tailwindcss_oxide::scanner: Discovering "/Users/yaman/dev/ns-community/.cursor/rules"
2025-08-03T05:34:48.688967Z  INFO scan_sources: tailwindcss_oxide::scanner: Discovering "/Users/yaman/dev/ns-community/.cursor/rules/developerguide.mdc"
2025-08-03T05:34:48.689018Z  INFO scan_sources: tailwindcss_oxide::scanner: Discovering "/Users/yaman/dev/ns-community/postcss.config.mjs"
2025-08-03T05:34:48.689033Z  INFO scan_sources: tailwindcss_oxide::scanner: Discovering "/Users/yaman/dev/ns-community/REFACTORING_PLAN.md"
2025-08-03T05:34:48.689046Z  INFO scan_sources: tailwindcss_oxide::scanner: Discovering "/Users/yaman/dev/ns-community/PROFILE_AND_ONBOARDING.md"
2025-08-03T05:34:48.689089Z  INFO scan_sources: tailwindcss_oxide::scanner: Discovering "/Users/yaman/dev/ns-community/.npmrc"
2025-08-03T05:34:48.689128Z  INFO scan_sources: tailwindcss_oxide::scanner: Discovering "/Users/yaman/dev/ns-community/ENHANCED_AUTH_IMPLEMENTATION.md"
2025-08-03T05:34:48.689144Z  INFO scan_sources: tailwindcss_oxide::scanner: Discovering "/Users/yaman/dev/ns-community/PROJECTS.md"
2025-08-03T05:34:48.689155Z  INFO scan_sources: tailwindcss_oxide::scanner: Discovering "/Users/yaman/dev/ns-community/README.md"
2025-08-03T05:34:48.689167Z  INFO scan_sources: tailwindcss_oxide::scanner: Discovering "/Users/yaman/dev/ns-community/tailwind.config.ts"
2025-08-03T05:34:48.689181Z  INFO scan_sources: tailwindcss_oxide::scanner: Discovering "/Users/yaman/dev/ns-community/fixed-storage-policies.sql"
2025-08-03T05:34:48.689200Z  INFO scan_sources: tailwindcss_oxide::scanner: Discovering "/Users/yaman/dev/ns-community/public"
2025-08-03T05:34:48.689224Z  INFO scan_sources: tailwindcss_oxide::scanner: Discovering "/Users/yaman/dev/ns-community/public/file.svg"
2025-08-03T05:34:48.689236Z  INFO scan_sources: tailwindcss_oxide::scanner: Discovering "/Users/yaman/dev/ns-community/public/vercel.svg"
2025-08-03T05:34:48.689248Z  INFO scan_sources: tailwindcss_oxide::scanner: Discovering "/Users/yaman/dev/ns-community/public/next.svg"
2025-08-03T05:34:48.689258Z  INFO scan_sources: tailwindcss_oxide::scanner: Discovering "/Users/yaman/dev/ns-community/public/globe.svg"
2025-08-03T05:34:48.689270Z  INFO scan_sources: tailwindcss_oxide::scanner: Discovering "/Users/yaman/dev/ns-community/public/window.svg"
2025-08-03T05:34:48.689292Z  INFO scan_sources: tailwindcss_oxide::scanner: Discovering "/Users/yaman/dev/ns-community/package.json"
2025-08-03T05:34:48.689306Z  INFO scan_sources: tailwindcss_oxide::scanner: Discovering "/Users/yaman/dev/ns-community/components.json"
2025-08-03T05:34:48.689317Z  INFO scan_sources: tailwindcss_oxide::scanner: Discovering "/Users/yaman/dev/ns-community/tsconfig.json"
2025-08-03T05:34:48.689328Z  INFO scan_sources: tailwindcss_oxide::scanner: Discovering "/Users/yaman/dev/ns-community/technical_documentation.md"
2025-08-03T05:34:48.689356Z  INFO scan_sources: tailwindcss_oxide::scanner: Discovering "/Users/yaman/dev/ns-community/AUTHENTICATION_ANALYSIS.md"
2025-08-03T05:34:48.689367Z  INFO scan_sources: tailwindcss_oxide::scanner: Discovering "/Users/yaman/dev/ns-community/UI.md"
2025-08-03T05:34:48.689378Z  INFO scan_sources: tailwindcss_oxide::scanner: Discovering "/Users/yaman/dev/ns-community/eslint.config.mjs"
2025-08-03T05:34:48.689388Z  INFO scan_sources: tailwindcss_oxide::scanner: Discovering "/Users/yaman/dev/ns-community/env.example"
2025-08-03T05:34:48.689401Z  INFO scan_sources: tailwindcss_oxide::scanner: Discovering "/Users/yaman/dev/ns-community/Project_aim.md"
2025-08-03T05:34:48.689419Z  INFO scan_sources: tailwindcss_oxide::scanner: Discovering "/Users/yaman/dev/ns-community/next.config.ts"
2025-08-03T05:34:48.689428Z  INFO scan_sources: tailwindcss_oxide::scanner: Discovering "/Users/yaman/dev/ns-community/DATABASE.md"
2025-08-03T05:34:48.689445Z  INFO scan_sources: tailwindcss_oxide::scanner: Discovering "/Users/yaman/dev/ns-community/src"
2025-08-03T05:34:48.689478Z  INFO scan_sources: tailwindcss_oxide::scanner: Discovering "/Users/yaman/dev/ns-community/src/types"
2025-08-03T05:34:48.689499Z  INFO scan_sources: tailwindcss_oxide::scanner: Discovering "/Users/yaman/dev/ns-community/src/types/project.ts"
2025-08-03T05:34:48.689522Z  INFO scan_sources: tailwindcss_oxide::scanner: Discovering "/Users/yaman/dev/ns-community/src/context"
2025-08-03T05:34:48.689543Z  INFO scan_sources: tailwindcss_oxide::scanner: Discovering "/Users/yaman/dev/ns-community/src/context/EnhancedAuthContext.tsx"
2025-08-03T05:34:48.689562Z  INFO scan_sources: tailwindcss_oxide::scanner: Discovering "/Users/yaman/dev/ns-community/src/hoc"
2025-08-03T05:34:48.689586Z  INFO scan_sources: tailwindcss_oxide::scanner: Discovering "/Users/yaman/dev/ns-community/src/hoc/withEnhancedAuth.tsx"
2025-08-03T05:34:48.689610Z  INFO scan_sources: tailwindcss_oxide::scanner: Discovering "/Users/yaman/dev/ns-community/src/app"
2025-08-03T05:34:48.689642Z  INFO scan_sources: tailwindcss_oxide::scanner: Discovering "/Users/yaman/dev/ns-community/src/app/projects"
2025-08-03T05:34:48.689665Z  INFO scan_sources: tailwindcss_oxide::scanner: Discovering "/Users/yaman/dev/ns-community/src/app/projects/page.tsx"
2025-08-03T05:34:48.689690Z  INFO scan_sources: tailwindcss_oxide::scanner: Discovering "/Users/yaman/dev/ns-community/src/app/providers"
2025-08-03T05:34:48.689712Z  INFO scan_sources: tailwindcss_oxide::scanner: Discovering "/Users/yaman/dev/ns-community/src/app/providers/wallet-provider.tsx"
2025-08-03T05:34:48.689732Z  INFO scan_sources: tailwindcss_oxide::scanner: Discovering "/Users/yaman/dev/ns-community/src/app/unauthorized"
2025-08-03T05:34:48.689750Z  INFO scan_sources: tailwindcss_oxide::scanner: Discovering "/Users/yaman/dev/ns-community/src/app/unauthorized/page.tsx"
2025-08-03T05:34:48.689769Z  INFO scan_sources: tailwindcss_oxide::scanner: Discovering "/Users/yaman/dev/ns-community/src/app/profile"
2025-08-03T05:34:48.689787Z  INFO scan_sources: tailwindcss_oxide::scanner: Discovering "/Users/yaman/dev/ns-community/src/app/profile/page.tsx"
2025-08-03T05:34:48.689798Z  INFO scan_sources: tailwindcss_oxide::scanner: Discovering "/Users/yaman/dev/ns-community/src/app/layout.tsx"
2025-08-03T05:34:48.689808Z  INFO scan_sources: tailwindcss_oxide::scanner: Discovering "/Users/yaman/dev/ns-community/src/app/page.tsx"
2025-08-03T05:34:48.689816Z  INFO scan_sources: tailwindcss_oxide::scanner: Discovering "/Users/yaman/dev/ns-community/src/app/globals.css"
2025-08-03T05:34:48.689834Z  INFO scan_sources: tailwindcss_oxide::scanner: Discovering "/Users/yaman/dev/ns-community/src/app/onboarding"
2025-08-03T05:34:48.689851Z  INFO scan_sources: tailwindcss_oxide::scanner: Discovering "/Users/yaman/dev/ns-community/src/app/onboarding/page.tsx"
2025-08-03T05:34:48.689872Z  INFO scan_sources: tailwindcss_oxide::scanner: Discovering "/Users/yaman/dev/ns-community/src/components"
2025-08-03T05:34:48.689899Z  INFO scan_sources: tailwindcss_oxide::scanner: Discovering "/Users/yaman/dev/ns-community/src/components/ui"
2025-08-03T05:34:48.689926Z  INFO scan_sources: tailwindcss_oxide::scanner: Discovering "/Users/yaman/dev/ns-community/src/components/ui/alert-dialog.tsx"
2025-08-03T05:34:48.689935Z  INFO scan_sources: tailwindcss_oxide::scanner: Discovering "/Users/yaman/dev/ns-community/src/components/ui/card.tsx"
2025-08-03T05:34:48.689944Z  INFO scan_sources: tailwindcss_oxide::scanner: Discovering "/Users/yaman/dev/ns-community/src/components/ui/label.tsx"
2025-08-03T05:34:48.689952Z  INFO scan_sources: tailwindcss_oxide::scanner: Discovering "/Users/yaman/dev/ns-community/src/components/ui/sonner.tsx"
2025-08-03T05:34:48.689968Z  INFO scan_sources: tailwindcss_oxide::scanner: Discovering "/Users/yaman/dev/ns-community/src/components/ui/ProjectCard.tsx"
2025-08-03T05:34:48.689977Z  INFO scan_sources: tailwindcss_oxide::scanner: Discovering "/Users/yaman/dev/ns-community/src/components/ui/ImageUpload.tsx"
2025-08-03T05:34:48.689986Z  INFO scan_sources: tailwindcss_oxide::scanner: Discovering "/Users/yaman/dev/ns-community/src/components/ui/WalletSelection.tsx"
2025-08-03T05:34:48.689995Z  INFO scan_sources: tailwindcss_oxide::scanner: Discovering "/Users/yaman/dev/ns-community/src/components/ui/ProjectForm.tsx"
2025-08-03T05:34:48.690005Z  INFO scan_sources: tailwindcss_oxide::scanner: Discovering "/Users/yaman/dev/ns-community/src/components/ui/badge.tsx"
2025-08-03T05:34:48.690014Z  INFO scan_sources: tailwindcss_oxide::scanner: Discovering "/Users/yaman/dev/ns-community/src/components/ui/button.tsx"
2025-08-03T05:34:48.690023Z  INFO scan_sources: tailwindcss_oxide::scanner: Discovering "/Users/yaman/dev/ns-community/src/components/ui/checkbox.tsx"
2025-08-03T05:34:48.690032Z  INFO scan_sources: tailwindcss_oxide::scanner: Discovering "/Users/yaman/dev/ns-community/src/components/ui/select.tsx"
2025-08-03T05:34:48.690041Z  INFO scan_sources: tailwindcss_oxide::scanner: Discovering "/Users/yaman/dev/ns-community/src/components/ui/textarea.tsx"
2025-08-03T05:34:48.690050Z  INFO scan_sources: tailwindcss_oxide::scanner: Discovering "/Users/yaman/dev/ns-community/src/components/ui/input.tsx"
2025-08-03T05:34:48.690073Z  INFO scan_sources: tailwindcss_oxide::scanner: Discovering "/Users/yaman/dev/ns-community/src/lib"
2025-08-03T05:34:48.690097Z  INFO scan_sources: tailwindcss_oxide::scanner: Discovering "/Users/yaman/dev/ns-community/src/lib/supabaseClient.ts"
2025-08-03T05:34:48.690106Z  INFO scan_sources: tailwindcss_oxide::scanner: Discovering "/Users/yaman/dev/ns-community/src/lib/projects.ts"
2025-08-03T05:34:48.690115Z  INFO scan_sources: tailwindcss_oxide::scanner: Discovering "/Users/yaman/dev/ns-community/src/lib/imageUpload.ts"
2025-08-03T05:34:48.690124Z  INFO scan_sources: tailwindcss_oxide::scanner: Discovering "/Users/yaman/dev/ns-community/src/lib/networkValidation.ts"
2025-08-03T05:34:48.690133Z  INFO scan_sources: tailwindcss_oxide::scanner: Discovering "/Users/yaman/dev/ns-community/src/lib/utils.ts"
2025-08-03T05:34:48.690146Z  INFO scan_sources: tailwindcss_oxide::scanner: Discovering "/Users/yaman/dev/ns-community/src/lib/nftVerification.ts"
2025-08-03T05:34:48.690200Z  INFO scan_sources: tailwindcss_oxide::scanner: exit
2025-08-03T05:34:48.690206Z  INFO extract_candidates: tailwindcss_oxide::scanner: enter
2025-08-03T05:34:48.690210Z  INFO extract_candidates:read_all_files: tailwindcss_oxide::scanner: enter
2025-08-03T05:34:48.690213Z  INFO extract_candidates:read_all_files: tailwindcss_oxide::scanner: Reading 56 file(s)
2025-08-03T05:34:48.690605Z  INFO tailwindcss_oxide::scanner: Reading "/Users/yaman/dev/ns-community/tailwind.config.ts"
2025-08-03T05:34:48.690607Z  INFO tailwindcss_oxide::scanner: Reading "/Users/yaman/dev/ns-community/postcss.config.mjs"
2025-08-03T05:34:48.691061Z  INFO tailwindcss_oxide::scanner: Reading "/Users/yaman/dev/ns-community/PROFILE_AND_ONBOARDING.md"
2025-08-03T05:34:48.691069Z  INFO tailwindcss_oxide::scanner: Reading "/Users/yaman/dev/ns-community/.cursor/rules/developerguide.mdc"
2025-08-03T05:34:48.691082Z  INFO tailwindcss_oxide::scanner: Reading "/Users/yaman/dev/ns-community/REFACTORING_PLAN.md"
2025-08-03T05:34:48.691083Z  INFO tailwindcss_oxide::scanner: Reading "/Users/yaman/dev/ns-community/tsconfig.json"
2025-08-03T05:34:48.691077Z  INFO tailwindcss_oxide::scanner: Reading "/Users/yaman/dev/ns-community/fixed-storage-policies.sql"
2025-08-03T05:34:48.691130Z  INFO tailwindcss_oxide::scanner: Reading "/Users/yaman/dev/ns-community/package.json"
2025-08-03T05:34:48.691148Z  INFO tailwindcss_oxide::scanner: Reading "/Users/yaman/dev/ns-community/public/file.svg"
2025-08-03T05:34:48.691162Z  INFO tailwindcss_oxide::scanner: Reading "/Users/yaman/dev/ns-community/ENHANCED_AUTH_IMPLEMENTATION.md"
2025-08-03T05:34:48.691174Z  INFO tailwindcss_oxide::scanner: Reading "/Users/yaman/dev/ns-community/next.config.ts"
2025-08-03T05:34:48.691180Z  INFO tailwindcss_oxide::scanner: Reading "/Users/yaman/dev/ns-community/public/window.svg"
2025-08-03T05:34:48.691217Z  INFO tailwindcss_oxide::scanner: Reading "/Users/yaman/dev/ns-community/public/next.svg"
2025-08-03T05:34:48.691221Z  INFO tailwindcss_oxide::scanner: Reading "/Users/yaman/dev/ns-community/src/context/EnhancedAuthContext.tsx"
2025-08-03T05:34:48.691264Z  INFO tailwindcss_oxide::scanner: Reading "/Users/yaman/dev/ns-community/PROJECTS.md"
2025-08-03T05:34:48.691272Z  INFO tailwindcss_oxide::scanner: Reading "/Users/yaman/dev/ns-community/AUTHENTICATION_ANALYSIS.md"
2025-08-03T05:34:48.691347Z  INFO tailwindcss_oxide::scanner: Reading "/Users/yaman/dev/ns-community/env.example"
2025-08-03T05:34:48.691380Z  INFO tailwindcss_oxide::scanner: Reading "/Users/yaman/dev/ns-community/public/vercel.svg"
2025-08-03T05:34:48.691394Z  INFO tailwindcss_oxide::scanner: Reading "/Users/yaman/dev/ns-community/UI.md"
2025-08-03T05:34:48.691426Z  INFO tailwindcss_oxide::scanner: Reading "/Users/yaman/dev/ns-community/.npmrc"
2025-08-03T05:34:48.691434Z  INFO tailwindcss_oxide::scanner: Reading "/Users/yaman/dev/ns-community/src/components/ui/WalletSelection.tsx"
2025-08-03T05:34:48.691443Z  INFO tailwindcss_oxide::scanner: Reading "/Users/yaman/dev/ns-community/src/hoc/withEnhancedAuth.tsx"
2025-08-03T05:34:48.691453Z  INFO tailwindcss_oxide::scanner: Reading "/Users/yaman/dev/ns-community/README.md"
2025-08-03T05:34:48.691465Z  INFO tailwindcss_oxide::scanner: Reading "/Users/yaman/dev/ns-community/public/globe.svg"
2025-08-03T05:34:48.691493Z  INFO tailwindcss_oxide::scanner: Reading "/Users/yaman/dev/ns-community/src/app/layout.tsx"
2025-08-03T05:34:48.691499Z  INFO tailwindcss_oxide::scanner: Reading "/Users/yaman/dev/ns-community/src/components/ui/input.tsx"
2025-08-03T05:34:48.691520Z  INFO tailwindcss_oxide::scanner: Reading "/Users/yaman/dev/ns-community/src/app/onboarding/page.tsx"
2025-08-03T05:34:48.691527Z  INFO tailwindcss_oxide::scanner: Reading "/Users/yaman/dev/ns-community/src/lib/supabaseClient.ts"
2025-08-03T05:34:48.691525Z  INFO tailwindcss_oxide::scanner: Reading "/Users/yaman/dev/ns-community/DATABASE.md"
2025-08-03T05:34:48.691547Z  INFO tailwindcss_oxide::scanner: Reading "/Users/yaman/dev/ns-community/technical_documentation.md"
2025-08-03T05:34:48.691525Z  INFO tailwindcss_oxide::scanner: Reading "/Users/yaman/dev/ns-community/Project_aim.md"
2025-08-03T05:34:48.691514Z  INFO tailwindcss_oxide::scanner: Reading "/Users/yaman/dev/ns-community/src/app/page.tsx"
2025-08-03T05:34:48.691524Z  INFO tailwindcss_oxide::scanner: Reading "/Users/yaman/dev/ns-community/eslint.config.mjs"
2025-08-03T05:34:48.691544Z  INFO tailwindcss_oxide::scanner: Reading "/Users/yaman/dev/ns-community/src/lib/imageUpload.ts"
2025-08-03T05:34:48.691516Z  INFO tailwindcss_oxide::scanner: Reading "/Users/yaman/dev/ns-community/components.json"
2025-08-03T05:34:48.691601Z  INFO tailwindcss_oxide::scanner: Reading "/Users/yaman/dev/ns-community/src/types/project.ts"
2025-08-03T05:34:48.691603Z  INFO tailwindcss_oxide::scanner: Reading "/Users/yaman/dev/ns-community/src/components/ui/ProjectForm.tsx"
2025-08-03T05:34:48.691584Z  INFO tailwindcss_oxide::scanner: Reading "/Users/yaman/dev/ns-community/src/components/ui/button.tsx"
2025-08-03T05:34:48.691633Z  INFO tailwindcss_oxide::scanner: Reading "/Users/yaman/dev/ns-community/src/app/projects/page.tsx"
2025-08-03T05:34:48.691640Z  INFO tailwindcss_oxide::scanner: Reading "/Users/yaman/dev/ns-community/src/lib/nftVerification.ts"
2025-08-03T05:34:48.691651Z  INFO tailwindcss_oxide::scanner: Reading "/Users/yaman/dev/ns-community/src/app/unauthorized/page.tsx"
2025-08-03T05:34:48.691566Z  INFO tailwindcss_oxide::scanner: Reading "/Users/yaman/dev/ns-community/src/app/providers/wallet-provider.tsx"
2025-08-03T05:34:48.691658Z  INFO tailwindcss_oxide::scanner: Reading "/Users/yaman/dev/ns-community/src/components/ui/alert-dialog.tsx"
2025-08-03T05:34:48.691622Z  INFO tailwindcss_oxide::scanner: Reading "/Users/yaman/dev/ns-community/src/lib/networkValidation.ts"
2025-08-03T05:34:48.691692Z  INFO tailwindcss_oxide::scanner: Reading "/Users/yaman/dev/ns-community/src/components/ui/sonner.tsx"
2025-08-03T05:34:48.691843Z  INFO tailwindcss_oxide::scanner: Reading "/Users/yaman/dev/ns-community/src/components/ui/ImageUpload.tsx"
2025-08-03T05:34:48.691923Z  INFO tailwindcss_oxide::scanner: Reading "/Users/yaman/dev/ns-community/src/components/ui/select.tsx"
2025-08-03T05:34:48.691971Z  INFO tailwindcss_oxide::scanner: Reading "/Users/yaman/dev/ns-community/src/components/ui/ProjectCard.tsx"
2025-08-03T05:34:48.692014Z  INFO tailwindcss_oxide::scanner: Reading "/Users/yaman/dev/ns-community/src/lib/projects.ts"
2025-08-03T05:34:48.692087Z  INFO tailwindcss_oxide::scanner: Reading "/Users/yaman/dev/ns-community/src/app/profile/page.tsx"
2025-08-03T05:34:48.692134Z  INFO tailwindcss_oxide::scanner: Reading "/Users/yaman/dev/ns-community/src/lib/utils.ts"
2025-08-03T05:34:48.692136Z  INFO tailwindcss_oxide::scanner: Reading "/Users/yaman/dev/ns-community/src/components/ui/label.tsx"
2025-08-03T05:34:48.692152Z  INFO tailwindcss_oxide::scanner: Reading "/Users/yaman/dev/ns-community/src/components/ui/badge.tsx"
2025-08-03T05:34:48.692153Z  INFO tailwindcss_oxide::scanner: Reading "/Users/yaman/dev/ns-community/src/components/ui/checkbox.tsx"
2025-08-03T05:34:48.692154Z  INFO tailwindcss_oxide::scanner: Reading "/Users/yaman/dev/ns-community/src/components/ui/textarea.tsx"
2025-08-03T05:34:48.692152Z  INFO tailwindcss_oxide::scanner: Reading "/Users/yaman/dev/ns-community/src/components/ui/card.tsx"
2025-08-03T05:34:48.692323Z  INFO extract_candidates:read_all_files: tailwindcss_oxide::scanner: exit
2025-08-03T05:34:48.692330Z  INFO extract_candidates:parse_all_blobs: tailwindcss_oxide::scanner: enter
2025-08-03T05:34:48.692334Z  INFO extract_candidates:parse_all_blobs:extract: tailwindcss_oxide::scanner: enter
2025-08-03T05:34:48.693854Z  INFO extract_candidates:parse_all_blobs:extract: tailwindcss_oxide::scanner: exit
2025-08-03T05:34:48.693870Z  INFO extract_candidates:parse_all_blobs: tailwindcss_oxide::scanner: exit
2025-08-03T05:34:48.693875Z  INFO extract_candidates:read_all_files: tailwindcss_oxide::scanner: enter
2025-08-03T05:34:48.693878Z  INFO extract_candidates:read_all_files: tailwindcss_oxide::scanner: Reading 1 file(s)
2025-08-03T05:34:48.693905Z  INFO extract_candidates:read_all_files: tailwindcss_oxide::scanner: Reading "/Users/yaman/dev/ns-community/src/app/globals.css"
2025-08-03T05:34:48.693910Z  INFO extract_candidates:read_all_files: tailwindcss_oxide::scanner: exit
2025-08-03T05:34:48.693913Z  INFO extract_candidates:extract_css_variables: tailwindcss_oxide::scanner: enter
2025-08-03T05:34:48.693916Z  INFO extract_candidates:extract_css_variables:extract: tailwindcss_oxide::scanner: enter
2025-08-03T05:34:48.694071Z  INFO extract_candidates:extract_css_variables:extract: tailwindcss_oxide::scanner: exit
2025-08-03T05:34:48.694078Z  INFO extract_candidates:extract_css_variables: tailwindcss_oxide::scanner: exit
2025-08-03T05:34:48.694648Z  INFO extract_candidates: tailwindcss_oxide::scanner: exit
2025-08-03T05:34:48.695416Z  INFO get_files: tailwindcss_oxide::scanner: enter
2025-08-03T05:34:48.695422Z  INFO get_files:scan_sources: tailwindcss_oxide::scanner: enter
2025-08-03T05:34:48.695855Z  INFO get_files:scan_sources: tailwindcss_oxide::scanner: Discovering "/Users/yaman/dev/ns-community/.cursor"
2025-08-03T05:34:48.695892Z  INFO get_files:scan_sources: tailwindcss_oxide::scanner: Discovering "/Users/yaman/dev/ns-community/.cursor/rules"
2025-08-03T05:34:48.696048Z  INFO get_files:scan_sources: tailwindcss_oxide::scanner: Discovering "/Users/yaman/dev/ns-community/public"
2025-08-03T05:34:48.696177Z  INFO get_files:scan_sources: tailwindcss_oxide::scanner: Discovering "/Users/yaman/dev/ns-community/src"
2025-08-03T05:34:48.696224Z  INFO get_files:scan_sources: tailwindcss_oxide::scanner: Discovering "/Users/yaman/dev/ns-community/src/types"
2025-08-03T05:34:48.696258Z  INFO get_files:scan_sources: tailwindcss_oxide::scanner: Discovering "/Users/yaman/dev/ns-community/src/context"
2025-08-03T05:34:48.696289Z  INFO get_files:scan_sources: tailwindcss_oxide::scanner: Discovering "/Users/yaman/dev/ns-community/src/hoc"
2025-08-03T05:34:48.696323Z  INFO get_files:scan_sources: tailwindcss_oxide::scanner: Discovering "/Users/yaman/dev/ns-community/src/app"
2025-08-03T05:34:48.696353Z  INFO get_files:scan_sources: tailwindcss_oxide::scanner: Discovering "/Users/yaman/dev/ns-community/src/app/projects"
2025-08-03T05:34:48.696386Z  INFO get_files:scan_sources: tailwindcss_oxide::scanner: Discovering "/Users/yaman/dev/ns-community/src/app/providers"
2025-08-03T05:34:48.696420Z  INFO get_files:scan_sources: tailwindcss_oxide::scanner: Discovering "/Users/yaman/dev/ns-community/src/app/unauthorized"
2025-08-03T05:34:48.696449Z  INFO get_files:scan_sources: tailwindcss_oxide::scanner: Discovering "/Users/yaman/dev/ns-community/src/app/profile"
2025-08-03T05:34:48.696489Z  INFO get_files:scan_sources: tailwindcss_oxide::scanner: Discovering "/Users/yaman/dev/ns-community/src/app/onboarding"
2025-08-03T05:34:48.696523Z  INFO get_files:scan_sources: tailwindcss_oxide::scanner: Discovering "/Users/yaman/dev/ns-community/src/components"
2025-08-03T05:34:48.696550Z  INFO get_files:scan_sources: tailwindcss_oxide::scanner: Discovering "/Users/yaman/dev/ns-community/src/components/ui"
2025-08-03T05:34:48.696645Z  INFO get_files:scan_sources: tailwindcss_oxide::scanner: Discovering "/Users/yaman/dev/ns-community/src/lib"
2025-08-03T05:34:48.696720Z  INFO get_files:scan_sources: tailwindcss_oxide::scanner: exit
2025-08-03T05:34:48.696953Z  INFO get_files: tailwindcss_oxide::scanner: exit
2025-08-03T05:34:48.697053Z  INFO get_globs: tailwindcss_oxide::scanner: enter
2025-08-03T05:34:48.697057Z  INFO get_globs:scan_sources: tailwindcss_oxide::scanner: enter
2025-08-03T05:34:48.697414Z  INFO get_globs:scan_sources: tailwindcss_oxide::scanner: Discovering "/Users/yaman/dev/ns-community/.cursor"
2025-08-03T05:34:48.697441Z  INFO get_globs:scan_sources: tailwindcss_oxide::scanner: Discovering "/Users/yaman/dev/ns-community/.cursor/rules"
2025-08-03T05:34:48.697567Z  INFO get_globs:scan_sources: tailwindcss_oxide::scanner: Discovering "/Users/yaman/dev/ns-community/public"
2025-08-03T05:34:48.697678Z  INFO get_globs:scan_sources: tailwindcss_oxide::scanner: Discovering "/Users/yaman/dev/ns-community/src"
2025-08-03T05:34:48.697703Z  INFO get_globs:scan_sources: tailwindcss_oxide::scanner: Discovering "/Users/yaman/dev/ns-community/src/types"
2025-08-03T05:34:48.697734Z  INFO get_globs:scan_sources: tailwindcss_oxide::scanner: Discovering "/Users/yaman/dev/ns-community/src/context"
2025-08-03T05:34:48.697763Z  INFO get_globs:scan_sources: tailwindcss_oxide::scanner: Discovering "/Users/yaman/dev/ns-community/src/hoc"
2025-08-03T05:34:48.697792Z  INFO get_globs:scan_sources: tailwindcss_oxide::scanner: Discovering "/Users/yaman/dev/ns-community/src/app"
2025-08-03T05:34:48.697820Z  INFO get_globs:scan_sources: tailwindcss_oxide::scanner: Discovering "/Users/yaman/dev/ns-community/src/app/projects"
2025-08-03T05:34:48.697848Z  INFO get_globs:scan_sources: tailwindcss_oxide::scanner: Discovering "/Users/yaman/dev/ns-community/src/app/providers"
2025-08-03T05:34:48.697877Z  INFO get_globs:scan_sources: tailwindcss_oxide::scanner: Discovering "/Users/yaman/dev/ns-community/src/app/unauthorized"
2025-08-03T05:34:48.697907Z  INFO get_globs:scan_sources: tailwindcss_oxide::scanner: Discovering "/Users/yaman/dev/ns-community/src/app/profile"
2025-08-03T05:34:48.697946Z  INFO get_globs:scan_sources: tailwindcss_oxide::scanner: Discovering "/Users/yaman/dev/ns-community/src/app/onboarding"
2025-08-03T05:34:48.697981Z  INFO get_globs:scan_sources: tailwindcss_oxide::scanner: Discovering "/Users/yaman/dev/ns-community/src/components"
2025-08-03T05:34:48.698005Z  INFO get_globs:scan_sources: tailwindcss_oxide::scanner: Discovering "/Users/yaman/dev/ns-community/src/components/ui"
2025-08-03T05:34:48.698094Z  INFO get_globs:scan_sources: tailwindcss_oxide::scanner: Discovering "/Users/yaman/dev/ns-community/src/lib"
2025-08-03T05:34:48.698161Z  INFO get_globs:scan_sources: tailwindcss_oxide::scanner: exit
2025-08-03T05:34:48.698885Z  INFO get_globs: tailwindcss_oxide::scanner: exit
